Determining if the pthread_create exist failed with the following output:
Change Dir: /home/xiaoqiang/programmings/Android/workspace/CloudNavi/CloudNavi/cmake-build-debug/CMakeFiles/CMakeTmp

Run Build Command:"/usr/bin/make" "cmTC_acb8d/fast"
/usr/bin/make -f CMakeFiles/cmTC_acb8d.dir/build.make CMakeFiles/cmTC_acb8d.dir/build
make[1]: Entering directory '/home/xiaoqiang/programmings/Android/workspace/CloudNavi/CloudNavi/cmake-build-debug/CMakeFiles/CMakeTmp'
Building C object CMakeFiles/cmTC_acb8d.dir/CheckSymbolExists.c.o
/usr/bin/cc    -o CMakeFiles/cmTC_acb8d.dir/CheckSymbolExists.c.o   -c /home/xiaoqiang/programmings/Android/workspace/CloudNavi/CloudNavi/cmake-build-debug/CMakeFiles/CMakeTmp/CheckSymbolExists.c
Linking C executable cmTC_acb8d
/home/xiaoqiang/programmings/programmings_softwares/clion-2017.2.1/bin/cmake/bin/cmake -E cmake_link_script CMakeFiles/cmTC_acb8d.dir/link.txt --verbose=1
/usr/bin/cc      -rdynamic CMakeFiles/cmTC_acb8d.dir/CheckSymbolExists.c.o  -o cmTC_acb8d 
CMakeFiles/cmTC_acb8d.dir/CheckSymbolExists.c.o: In function `main':
CheckSymbolExists.c:(.text+0x16): undefined reference to `pthread_create'
collect2: error: ld returned 1 exit status
CMakeFiles/cmTC_acb8d.dir/build.make:97: recipe for target 'cmTC_acb8d' failed
make[1]: *** [cmTC_acb8d] Error 1
make[1]: Leaving directory '/home/xiaoqiang/programmings/Android/workspace/CloudNavi/CloudNavi/cmake-build-debug/CMakeFiles/CMakeTmp'
Makefile:126: recipe for target 'cmTC_acb8d/fast' failed
make: *** [cmTC_acb8d/fast] Error 2

File /home/xiaoqiang/programmings/Android/workspace/CloudNavi/CloudNavi/cmake-build-debug/CMakeFiles/CMakeTmp/CheckSymbolExists.c:
/* */
#include <pthread.h>

int main(int argc, char** argv)
{
  (void)argv;
#ifndef pthread_create
  return ((int*)(&pthread_create))[argc];
#else
  (void)argc;
  return 0;
#endif
}

Determining if the function pthread_create exists in the pthreads failed with the following output:
Change Dir: /home/xiaoqiang/programmings/Android/workspace/CloudNavi/CloudNavi/cmake-build-debug/CMakeFiles/CMakeTmp

Run Build Command:"/usr/bin/make" "cmTC_3eec4/fast"
/usr/bin/make -f CMakeFiles/cmTC_3eec4.dir/build.make CMakeFiles/cmTC_3eec4.dir/build
make[1]: Entering directory '/home/xiaoqiang/programmings/Android/workspace/CloudNavi/CloudNavi/cmake-build-debug/CMakeFiles/CMakeTmp'
Building C object CMakeFiles/cmTC_3eec4.dir/CheckFunctionExists.c.o
/usr/bin/cc   -DCHECK_FUNCTION_EXISTS=pthread_create   -o CMakeFiles/cmTC_3eec4.dir/CheckFunctionExists.c.o   -c /home/xiaoqiang/programmings/programmings_softwares/clion-2017.2.1/bin/cmake/share/cmake-3.8/Modules/CheckFunctionExists.c
Linking C executable cmTC_3eec4
/home/xiaoqiang/programmings/programmings_softwares/clion-2017.2.1/bin/cmake/bin/cmake -E cmake_link_script CMakeFiles/cmTC_3eec4.dir/link.txt --verbose=1
/usr/bin/cc  -DCHECK_FUNCTION_EXISTS=pthread_create    -rdynamic CMakeFiles/cmTC_3eec4.dir/CheckFunctionExists.c.o  -o cmTC_3eec4 -lpthreads 
/usr/bin/ld: cannot find -lpthreads
collect2: error: ld returned 1 exit status
CMakeFiles/cmTC_3eec4.dir/build.make:97: recipe for target 'cmTC_3eec4' failed
make[1]: *** [cmTC_3eec4] Error 1
make[1]: Leaving directory '/home/xiaoqiang/programmings/Android/workspace/CloudNavi/CloudNavi/cmake-build-debug/CMakeFiles/CMakeTmp'
Makefile:126: recipe for target 'cmTC_3eec4/fast' failed
make: *** [cmTC_3eec4/fast] Error 2


